<?xml version="1.0" encoding="UTF-8"?>
<!-- Generated by org.testng.reporters.JUnitReportReporter -->
<testsuite hostname="WLC233ZV" failures="0" tests="3" name="day21.FirstTestCase" time="0.010" errors="0" timestamp="2024-08-17T13:46:09 IST" skipped="0">
  <testcase classname="day21.FirstTestCase" name="openapp" time="0.009"/>
  <system-out/>
  <testcase classname="day21.FirstTestCase" name="login" time="0.001"/>
  <system-out/>
  <testcase classname="day21.FirstTestCase" name="logout" time="0.000"/>
  <system-out/>
</testsuite> <!-- day21.FirstTestCase -->
