<?xml version="1.0" encoding="UTF-8"?>
<!-- Generated by org.testng.reporters.JUnitReportReporter -->
<testsuite hostname="WLC233ZV" failures="0" tests="4" name="day21.OrangeHRMTest" time="13.557" errors="0" timestamp="2024-08-17T19:41:42 IST" skipped="0">
  <testcase classname="day21.OrangeHRMTest" name="openApp" time="4.838"/>
  <system-out/>
  <testcase classname="day21.OrangeHRMTest" name="logoDisplay" time="5.070"/>
  <system-out/>
  <testcase classname="day21.OrangeHRMTest" name="logIn" time="3.501"/>
  <system-out/>
  <testcase classname="day21.OrangeHRMTest" name="closeApp" time="0.148"/>
  <system-out/>
</testsuite> <!-- day21.OrangeHRMTest -->
